<?xml version="1.0" encoding="UTF-8" ?>
<testsuites>
  <testsuite errors="0" failures="0" hostname="MacBook-Mosca.local" id="0" name="GoogleAnalyticsTagLibTests" package="" tests="22" time="2.742" timestamp="2012-07-13T11:07:43">
      <properties />

      <testcase classname="GoogleAnalyticsTagLibTests" name="testTrackPageviewAsynchDefaultDisabledInDevelopment" time="1.507" />

      <testcase classname="GoogleAnalyticsTagLibTests" name="testTrackPageviewAsynchExplicitlyEnabledInDevelopment" time="0.096" />

      <testcase classname="GoogleAnalyticsTagLibTests" name="testTrackPageviewAsynchDefaultDisabledInTest" time="0.071" />

      <testcase classname="GoogleAnalyticsTagLibTests" name="testTrackPageviewAsynchExplicitlyEnabledInTest" time="0.06" />

      <testcase classname="GoogleAnalyticsTagLibTests" name="testTrackPageviewAsynchDefaultEnabledInProduction" time="0.056" />

      <testcase classname="GoogleAnalyticsTagLibTests" name="testTrackPageviewAsynchExplicitlyDisabledInProduction" time="0.052" />

      <testcase classname="GoogleAnalyticsTagLibTests" name="testTrackPageviewAsynchEnabled" time="0.058" />

      <testcase classname="GoogleAnalyticsTagLibTests" name="testTrackPageviewAsynchDisabled" time="0.054" />

      <testcase classname="GoogleAnalyticsTagLibTests" name="testTrackPageviewAsynchNoWebPropertyIDButExplicitlyEnabled" time="0.048" />

      <testcase classname="GoogleAnalyticsTagLibTests" name="testTrackPageviewAsynchCustomTrackingCodeAsStringAttr" time="0.066" />

      <testcase classname="GoogleAnalyticsTagLibTests" name="testTrackPageviewAsynchCustomTrackingCodeAsListAttr" time="0.071" />

      <testcase classname="GoogleAnalyticsTagLibTests" name="testTrackPageviewAsynchCustomTrackingCodeAsStringAttrInConfig" time="0.099" />

      <testcase classname="GoogleAnalyticsTagLibTests" name="testTrackPageviewAsynchCustomTrackingCodeAsListAttrInConfig" time="0.046" />

      <testcase classname="GoogleAnalyticsTagLibTests" name="testTrackPageviewDefaultDisabledInDevelopment" time="0.05" />

      <testcase classname="GoogleAnalyticsTagLibTests" name="testTrackPageviewExplicitlyEnabledInDevelopment" time="0.049" />

      <testcase classname="GoogleAnalyticsTagLibTests" name="testTrackPageviewDefaultDisabledInTest" time="0.06" />

      <testcase classname="GoogleAnalyticsTagLibTests" name="testTrackPageviewExplicitlyEnabledInTest" time="0.052" />

      <testcase classname="GoogleAnalyticsTagLibTests" name="testTrackPageviewDefaultEnabledInProduction" time="0.031" />

      <testcase classname="GoogleAnalyticsTagLibTests" name="testTrackPageviewExplicitlyDisabledInProduction" time="0.032" />

      <testcase classname="GoogleAnalyticsTagLibTests" name="testTrackPageviewEnabled" time="0.03" />

      <testcase classname="GoogleAnalyticsTagLibTests" name="testTrackPageviewDisabled" time="0.03" />

      <testcase classname="GoogleAnalyticsTagLibTests" name="testTrackPageviewNoWebPropertyIDButExplicitlyEnabled" time="0.029" />

      <system-out><![CDATA[--Output from testTrackPageviewAsynchDefaultDisabledInDevelopment--
--Output from testTrackPageviewAsynchExplicitlyEnabledInDevelopment--
--Output from testTrackPageviewAsynchDefaultDisabledInTest--
--Output from testTrackPageviewAsynchExplicitlyEnabledInTest--
--Output from testTrackPageviewAsynchDefaultEnabledInProduction--
--Output from testTrackPageviewAsynchExplicitlyDisabledInProduction--
--Output from testTrackPageviewAsynchEnabled--
--Output from testTrackPageviewAsynchDisabled--
--Output from testTrackPageviewAsynchNoWebPropertyIDButExplicitlyEnabled--
--Output from testTrackPageviewAsynchCustomTrackingCodeAsStringAttr--
--Output from testTrackPageviewAsynchCustomTrackingCodeAsListAttr--
--Output from testTrackPageviewAsynchCustomTrackingCodeAsStringAttrInConfig--
--Output from testTrackPageviewAsynchCustomTrackingCodeAsListAttrInConfig--
--Output from testTrackPageviewDefaultDisabledInDevelopment--
--Output from testTrackPageviewExplicitlyEnabledInDevelopment--
--Output from testTrackPageviewDefaultDisabledInTest--
--Output from testTrackPageviewExplicitlyEnabledInTest--
--Output from testTrackPageviewDefaultEnabledInProduction--
--Output from testTrackPageviewExplicitlyDisabledInProduction--
--Output from testTrackPageviewEnabled--
--Output from testTrackPageviewDisabled--
--Output from testTrackPageviewNoWebPropertyIDButExplicitlyEnabled--
]]></system-out>

      <system-err><![CDATA[--Output from testTrackPageviewAsynchDefaultDisabledInDevelopment--
--Output from testTrackPageviewAsynchExplicitlyEnabledInDevelopment--
--Output from testTrackPageviewAsynchDefaultDisabledInTest--
--Output from testTrackPageviewAsynchExplicitlyEnabledInTest--
--Output from testTrackPageviewAsynchDefaultEnabledInProduction--
--Output from testTrackPageviewAsynchExplicitlyDisabledInProduction--
--Output from testTrackPageviewAsynchEnabled--
--Output from testTrackPageviewAsynchDisabled--
--Output from testTrackPageviewAsynchNoWebPropertyIDButExplicitlyEnabled--
--Output from testTrackPageviewAsynchCustomTrackingCodeAsStringAttr--
--Output from testTrackPageviewAsynchCustomTrackingCodeAsListAttr--
--Output from testTrackPageviewAsynchCustomTrackingCodeAsStringAttrInConfig--
--Output from testTrackPageviewAsynchCustomTrackingCodeAsListAttrInConfig--
--Output from testTrackPageviewDefaultDisabledInDevelopment--
--Output from testTrackPageviewExplicitlyEnabledInDevelopment--
--Output from testTrackPageviewDefaultDisabledInTest--
--Output from testTrackPageviewExplicitlyEnabledInTest--
--Output from testTrackPageviewDefaultEnabledInProduction--
--Output from testTrackPageviewExplicitlyDisabledInProduction--
--Output from testTrackPageviewEnabled--
--Output from testTrackPageviewDisabled--
--Output from testTrackPageviewNoWebPropertyIDButExplicitlyEnabled--
]]></system-err>

  </testsuite>
</testsuites>
